This file contains any messages produced by compilers while
running configure, to aid debugging if configure makes a mistake.

It was created by fbmns3d configure 0.9, which was
generated by GNU Autoconf 2.59.  Invocation command line was

  $ ./configure 

## --------- ##
## Platform. ##
## --------- ##

hostname = browalle.ujf-grenoble.fr
uname -m = x86_64
uname -r = 2.6.18-1.2257.fc5
uname -s = Linux
uname -v = #1 SMP Fri Dec 15 16:07:14 EST 2006

/usr/bin/uname -p = unknown
/bin/uname -X     = unknown

/bin/arch              = x86_64
/usr/bin/arch -k       = unknown
/usr/convex/getsysinfo = unknown
hostinfo               = unknown
/bin/machine           = unknown
/usr/bin/oslevel       = unknown
/bin/universe          = unknown

PATH: /usr/lib64/qt-3.3/bin
PATH: /usr/kerberos/bin
PATH: /usr/local/bin
PATH: /bin
PATH: /usr/bin
PATH: /opt/pvm3/lib
PATH: /opt/pvm3/lib/LINUX64
PATH: /opt/pvm3/bin/LINUX64
PATH: /opt/pbs/bin
PATH: /opt/pbs/lib/xpbs/bin
PATH: /opt/env-switcher/bin
PATH: /opt/lam-7.1.2/bin
PATH: /opt/c3-4/
PATH: /home/ciment/ismail/bin


## ----------- ##
## Core tests. ##
## ----------- ##

configure:1320: checking for a BSD-compatible install
configure:1375: result: /usr/bin/install -c
configure:1386: checking whether build environment is sane
configure:1429: result: yes
configure:1494: checking for gawk
configure:1510: found /bin/gawk
configure:1520: result: gawk
configure:1530: checking whether make sets $(MAKE)
configure:1550: result: yes
configure:1769: checking for g77
configure:1785: found /usr/bin/g77
configure:1795: result: g77
configure:1810: checking for Fortran 77 compiler version
configure:1813: g77 --version </dev/null >&5
GNU Fortran (GCC 3.2.3 20030502 (Red Hat Linux 3.2.3-56.fc5)) 3.2.3 20030502 (Red Hat Linux 3.2.3-13)
Copyright (C) 2002 Free Software Foundation, Inc.

GNU Fortran comes with NO WARRANTY, to the extent permitted by law.
You may redistribute copies of GNU Fortran
under the terms of the GNU General Public License.
For more information about these matters, see the file named COPYING
or type the command `info -f g77 Copying'.
configure:1816: $? = 0
configure:1818: g77 -v </dev/null >&5
Reading specs from /usr/lib/gcc-lib/x86_64-redhat-linux/3.2.3/specs
Configured with: ../configure --prefix=/usr --mandir=/usr/share/man --infodir=/usr/share/info --enable-shared --enable-threads=posix --disable-checking --with-system-zlib --enable-__cxa_atexit --enable-languages=c,c++,f77 --disable-libgcj --host=x86_64-redhat-linux
Thread model: posix
gcc version 3.2.3 20030502 (Red Hat Linux 3.2.3-56.fc5)
configure:1821: $? = 0
configure:1823: g77 -V </dev/null >&5
g77: argument to `-V' missing
configure:1826: $? = 1
configure:1840: checking for Fortran 77 compiler default output file name
configure:1843: g77   conftest.f  >&5
configure:1846: $? = 0
configure:1892: result: a.out
configure:1897: checking whether the Fortran 77 compiler works
configure:1903: ./a.out
configure:1906: $? = 0
configure:1923: result: yes
configure:1930: checking whether we are cross compiling
configure:1932: result: no
configure:1935: checking for suffix of executables
configure:1937: g77 -o conftest   conftest.f  >&5
configure:1940: $? = 0
configure:1965: result: 
configure:1971: checking for suffix of object files
configure:1982: g77 -c  conftest.f >&5
configure:1985: $? = 0
configure:2007: result: o
configure:2015: checking whether we are using the GNU Fortran 77 compiler
configure:2029: g77 -c  conftest.F >&5
configure:2035: $? = 0
configure:2039: test -z 
			 || test ! -s conftest.err
configure:2042: $? = 0
configure:2045: test -s conftest.o
configure:2048: $? = 0
configure:2061: result: yes
configure:2067: checking whether g77 accepts -g
configure:2079: g77 -c -g conftest.f >&5
configure:2085: $? = 0
configure:2089: test -z 
			 || test ! -s conftest.err
configure:2092: $? = 0
configure:2095: test -s conftest.o
configure:2098: $? = 0
configure:2110: result: yes
configure:2187: checking for gcc
configure:2203: found /usr/bin/gcc
configure:2213: result: gcc
configure:2234: checking for C compiler version
configure:2237: gcc --version </dev/null >&5
gcc (GCC) 4.1.1 20070105 (Red Hat 4.1.1-51)
Copyright (C) 2006 Free Software Foundation, Inc.
This is free software; see the source for copying conditions.  There is NO
warranty; not even for MERCHANTABILITY or FITNESS FOR A PARTICULAR PURPOSE.

configure:2240: $? = 0
configure:2242: gcc -v </dev/null >&5
Using built-in specs.
Target: x86_64-redhat-linux
Configured with: ../configure --prefix=/usr --mandir=/usr/share/man --infodir=/usr/share/info --enable-shared --enable-threads=posix --enable-checking=release --with-system-zlib --enable-__cxa_atexit --disable-libunwind-exceptions --enable-libgcj-multifile --enable-languages=c,c++,objc,obj-c++,java,fortran,ada --enable-java-awt=gtk --disable-dssi --with-java-home=/usr/lib/jvm/java-1.4.2-gcj-1.4.2.0/jre --with-cpu=generic --host=x86_64-redhat-linux
Thread model: posix
gcc version 4.1.1 20070105 (Red Hat 4.1.1-51)
configure:2245: $? = 0
configure:2247: gcc -V </dev/null >&5
gcc: '-V' option must have argument
configure:2250: $? = 1
configure:2253: checking whether we are using the GNU C compiler
configure:2277: gcc -c   conftest.c >&5
configure:2283: $? = 0
configure:2287: test -z 
			 || test ! -s conftest.err
configure:2290: $? = 0
configure:2293: test -s conftest.o
configure:2296: $? = 0
configure:2309: result: yes
configure:2315: checking whether gcc accepts -g
configure:2336: gcc -c -g  conftest.c >&5
configure:2342: $? = 0
configure:2346: test -z 
			 || test ! -s conftest.err
configure:2349: $? = 0
configure:2352: test -s conftest.o
configure:2355: $? = 0
configure:2366: result: yes
configure:2383: checking for gcc option to accept ANSI C
configure:2453: gcc  -c -g -O2  conftest.c >&5
configure:2459: $? = 0
configure:2463: test -z 
			 || test ! -s conftest.err
configure:2466: $? = 0
configure:2469: test -s conftest.o
configure:2472: $? = 0
configure:2490: result: none needed
configure:2508: gcc -c -g -O2  conftest.c >&5
conftest.c:2: error: expected '=', ',', ';', 'asm' or '__attribute__' before 'me'
configure:2514: $? = 1
configure: failed program was:
| #ifndef __cplusplus
|   choke me
| #endif
configure:2658: checking for style of include used by make
configure:2686: result: GNU
configure:2714: checking dependency style of gcc
configure:2804: result: gcc3
configure:2826: checking how to get verbose linking output from g77
configure:2837: g77 -c -g -O2 conftest.f >&5
configure:2843: $? = 0
configure:2847: test -z 
			 || test ! -s conftest.err
configure:2850: $? = 0
configure:2853: test -s conftest.o
configure:2856: $? = 0
configure:2873: g77 -o conftest -g -O2 -v  conftest.f  >&5
Reading specs from /usr/lib/gcc-lib/x86_64-redhat-linux/3.2.3/specs
Configured with: ../configure --prefix=/usr --mandir=/usr/share/man --infodir=/usr/share/info --enable-shared --enable-threads=posix --disable-checking --with-system-zlib --enable-__cxa_atexit --enable-languages=c,c++,f77 --disable-libgcj --host=x86_64-redhat-linux
Thread model: posix
gcc version 3.2.3 20030502 (Red Hat Linux 3.2.3-56.fc5)
 /usr/lib/gcc-lib/x86_64-redhat-linux/3.2.3/f771 conftest.f -quiet -dumpbase conftest.f -g -O2 -version -o /tmp/cc8bhCy0.s
GNU F77 version 3.2.3 20030502 (Red Hat Linux 3.2.3-56.fc5) (x86_64-redhat-linux)
	compiled by GNU C version 3.2.3 20030502 (Red Hat Linux 3.2.3-56.fc5).
 as -V -Qy -o /tmp/ccYv5oHT.o /tmp/cc8bhCy0.s
GNU assembler version 2.16.91.0.6 (x86_64-redhat-linux) using BFD version 2.16.91.0.6 20060212
 /usr/lib/gcc-lib/x86_64-redhat-linux/3.2.3/collect2 --eh-frame-hdr -m elf_x86_64 -Y P,/usr/lib64 -dynamic-linker /lib64/ld-linux-x86-64.so.2 -o conftest /usr/lib/gcc-lib/x86_64-redhat-linux/3.2.3/../../../../lib64/crt1.o /usr/lib/gcc-lib/x86_64-redhat-linux/3.2.3/../../../../lib64/crti.o /usr/lib/gcc-lib/x86_64-redhat-linux/3.2.3/crtbegin.o -L/usr/lib/gcc-lib/x86_64-redhat-linux/3.2.3 -L/usr/lib/gcc-lib/x86_64-redhat-linux/3.2.3/../../../../lib64 -L/usr/lib/gcc-lib/x86_64-redhat-linux/3.2.3/../../.. -L/lib/../lib64 -L/usr/lib/../lib64 /tmp/ccYv5oHT.o -lfrtbegin -lg2c -lm -lgcc_s -lgcc -lc -lgcc_s -lgcc /usr/lib/gcc-lib/x86_64-redhat-linux/3.2.3/crtend.o /usr/lib/gcc-lib/x86_64-redhat-linux/3.2.3/../../../../lib64/crtn.o
configure:2928: result: -v
configure:2930: checking for Fortran libraries of g77
configure:2951: g77 -o conftest -g -O2 -v  conftest.f  >&5
Reading specs from /usr/lib/gcc-lib/x86_64-redhat-linux/3.2.3/specs
Configured with: ../configure --prefix=/usr --mandir=/usr/share/man --infodir=/usr/share/info --enable-shared --enable-threads=posix --disable-checking --with-system-zlib --enable-__cxa_atexit --enable-languages=c,c++,f77 --disable-libgcj --host=x86_64-redhat-linux
Thread model: posix
gcc version 3.2.3 20030502 (Red Hat Linux 3.2.3-56.fc5)
 /usr/lib/gcc-lib/x86_64-redhat-linux/3.2.3/f771 conftest.f -quiet -dumpbase conftest.f -g -O2 -version -o /tmp/ccoimJp6.s
GNU F77 version 3.2.3 20030502 (Red Hat Linux 3.2.3-56.fc5) (x86_64-redhat-linux)
	compiled by GNU C version 3.2.3 20030502 (Red Hat Linux 3.2.3-56.fc5).
 as -V -Qy -o /tmp/ccmqsXI0.o /tmp/ccoimJp6.s
GNU assembler version 2.16.91.0.6 (x86_64-redhat-linux) using BFD version 2.16.91.0.6 20060212
 /usr/lib/gcc-lib/x86_64-redhat-linux/3.2.3/collect2 --eh-frame-hdr -m elf_x86_64 -Y P,/usr/lib64 -dynamic-linker /lib64/ld-linux-x86-64.so.2 -o conftest /usr/lib/gcc-lib/x86_64-redhat-linux/3.2.3/../../../../lib64/crt1.o /usr/lib/gcc-lib/x86_64-redhat-linux/3.2.3/../../../../lib64/crti.o /usr/lib/gcc-lib/x86_64-redhat-linux/3.2.3/crtbegin.o -L/usr/lib/gcc-lib/x86_64-redhat-linux/3.2.3 -L/usr/lib/gcc-lib/x86_64-redhat-linux/3.2.3/../../../../lib64 -L/usr/lib/gcc-lib/x86_64-redhat-linux/3.2.3/../../.. -L/lib/../lib64 -L/usr/lib/../lib64 /tmp/ccmqsXI0.o -lfrtbegin -lg2c -lm -lgcc_s -lgcc -lc -lgcc_s -lgcc /usr/lib/gcc-lib/x86_64-redhat-linux/3.2.3/crtend.o /usr/lib/gcc-lib/x86_64-redhat-linux/3.2.3/../../../../lib64/crtn.o
configure:3112: result:  -L/usr/lib64 -L/usr/lib/gcc-lib/x86_64-redhat-linux/3.2.3 -L/usr/lib/gcc-lib/x86_64-redhat-linux/3.2.3/../../../../lib64 -L/usr/lib/gcc-lib/x86_64-redhat-linux/3.2.3/../../.. -L/lib/../lib64 -L/usr/lib/../lib64 -lfrtbegin -lg2c -lm -lgcc_s
configure:3164: checking for ranlib
configure:3180: found /usr/bin/ranlib
configure:3191: result: ranlib
configure:3205: checking for main in -lblas
configure:3229: gcc -o conftest -g -O2   conftest.c -lblas   >&5
configure:3235: $? = 0
configure:3239: test -z 
			 || test ! -s conftest.err
configure:3242: $? = 0
configure:3245: test -s conftest
configure:3248: $? = 0
configure:3261: result: yes
configure:3273: checking for main in -llapack
configure:3297: gcc -o conftest -g -O2   conftest.c -llapack  -lblas  >&5
configure:3303: $? = 0
configure:3307: test -z 
			 || test ! -s conftest.err
configure:3310: $? = 0
configure:3313: test -s conftest
configure:3316: $? = 0
configure:3329: result: yes
configure:3481: creating ./config.status

## ---------------------- ##
## Running config.status. ##
## ---------------------- ##

This file was extended by fbmns3d config.status 0.9, which was
generated by GNU Autoconf 2.59.  Invocation command line was

  CONFIG_FILES    = 
  CONFIG_HEADERS  = 
  CONFIG_LINKS    = 
  CONFIG_COMMANDS = 
  $ ./config.status 

on browalle.ujf-grenoble.fr

config.status:685: creating Makefile
config.status:868: executing depfiles commands

## ---------------- ##
## Cache variables. ##
## ---------------- ##

ac_cv_c_compiler_gnu=yes
ac_cv_env_CC_set=
ac_cv_env_CC_value=
ac_cv_env_CFLAGS_set=
ac_cv_env_CFLAGS_value=
ac_cv_env_CPPFLAGS_set=
ac_cv_env_CPPFLAGS_value=
ac_cv_env_F77_set=
ac_cv_env_F77_value=
ac_cv_env_FFLAGS_set=
ac_cv_env_FFLAGS_value=
ac_cv_env_LDFLAGS_set=
ac_cv_env_LDFLAGS_value=
ac_cv_env_build_alias_set=
ac_cv_env_build_alias_value=
ac_cv_env_host_alias_set=
ac_cv_env_host_alias_value=
ac_cv_env_target_alias_set=
ac_cv_env_target_alias_value=
ac_cv_exeext=
ac_cv_f77_compiler_gnu=yes
ac_cv_f77_libs=' -L/usr/lib64 -L/usr/lib/gcc-lib/x86_64-redhat-linux/3.2.3 -L/usr/lib/gcc-lib/x86_64-redhat-linux/3.2.3/../../../../lib64 -L/usr/lib/gcc-lib/x86_64-redhat-linux/3.2.3/../../.. -L/lib/../lib64 -L/usr/lib/../lib64 -lfrtbegin -lg2c -lm -lgcc_s'
ac_cv_lib_blas_main=yes
ac_cv_lib_lapack_main=yes
ac_cv_objext=o
ac_cv_path_install='/usr/bin/install -c'
ac_cv_prog_AWK=gawk
ac_cv_prog_ac_ct_CC=gcc
ac_cv_prog_ac_ct_F77=g77
ac_cv_prog_ac_ct_RANLIB=ranlib
ac_cv_prog_cc_g=yes
ac_cv_prog_cc_stdc=
ac_cv_prog_f77_g=yes
ac_cv_prog_f77_v=-v
ac_cv_prog_make_make_set=yes
am_cv_CC_dependencies_compiler_type=gcc3

## ----------------- ##
## Output variables. ##
## ----------------- ##

ACLOCAL='${SHELL} /home/ciment/ismail/Src.d/Takeo/FBM_NS/missing --run aclocal-1.9'
AMDEPBACKSLASH='\'
AMDEP_FALSE='#'
AMDEP_TRUE=''
AMTAR='${SHELL} /home/ciment/ismail/Src.d/Takeo/FBM_NS/missing --run tar'
AUTOCONF='${SHELL} /home/ciment/ismail/Src.d/Takeo/FBM_NS/missing --run autoconf'
AUTOHEADER='${SHELL} /home/ciment/ismail/Src.d/Takeo/FBM_NS/missing --run autoheader'
AUTOMAKE='${SHELL} /home/ciment/ismail/Src.d/Takeo/FBM_NS/missing --run automake-1.9'
AWK='gawk'
CC='gcc'
CCDEPMODE='depmode=gcc3'
CFLAGS='-g -O2'
CPPFLAGS=''
CYGPATH_W='echo'
DEFS='-DPACKAGE_NAME=\"fbmns3d\" -DPACKAGE_TARNAME=\"fbmns3d\" -DPACKAGE_VERSION=\"0.9\" -DPACKAGE_STRING=\"fbmns3d\ 0.9\" -DPACKAGE_BUGREPORT=\"ismail@ujf-grenoble.fr\" -DPACKAGE=\"fbmns3d\" -DVERSION=\"0.9\" -DHAVE_LIBBLAS=1 -DHAVE_LIBLAPACK=1 '
DEPDIR='.deps'
ECHO_C=''
ECHO_N='-n'
ECHO_T=''
EXEEXT=''
F77='g77'
FFLAGS='-g -O2'
FLIBS=' -L/usr/lib64 -L/usr/lib/gcc-lib/x86_64-redhat-linux/3.2.3 -L/usr/lib/gcc-lib/x86_64-redhat-linux/3.2.3/../../../../lib64 -L/usr/lib/gcc-lib/x86_64-redhat-linux/3.2.3/../../.. -L/lib/../lib64 -L/usr/lib/../lib64 -lfrtbegin -lg2c -lm -lgcc_s'
INSTALL_DATA='${INSTALL} -m 644'
INSTALL_PROGRAM='${INSTALL}'
INSTALL_SCRIPT='${INSTALL}'
INSTALL_STRIP_PROGRAM='${SHELL} $(install_sh) -c -s'
LDFLAGS=''
LIBOBJS=''
LIBS='-llapack -lblas '
LTLIBOBJS=''
MAKEINFO='${SHELL} /home/ciment/ismail/Src.d/Takeo/FBM_NS/missing --run makeinfo'
OBJEXT='o'
PACKAGE='fbmns3d'
PACKAGE_BUGREPORT='ismail@ujf-grenoble.fr'
PACKAGE_NAME='fbmns3d'
PACKAGE_STRING='fbmns3d 0.9'
PACKAGE_TARNAME='fbmns3d'
PACKAGE_VERSION='0.9'
PATH_SEPARATOR=':'
RANLIB='ranlib'
SET_MAKE=''
SHELL='/bin/sh'
STRIP=''
VERSION='0.9'
ac_ct_CC='gcc'
ac_ct_F77='g77'
ac_ct_RANLIB='ranlib'
ac_ct_STRIP=''
am__fastdepCC_FALSE='#'
am__fastdepCC_TRUE=''
am__include='include'
am__leading_dot='.'
am__quote=''
am__tar='${AMTAR} chof - "$$tardir"'
am__untar='${AMTAR} xf -'
bindir='${exec_prefix}/bin'
build_alias=''
datadir='${prefix}/share'
exec_prefix='${prefix}'
host_alias=''
includedir='${prefix}/include'
infodir='${prefix}/info'
install_sh='/home/ciment/ismail/Src.d/Takeo/FBM_NS/install-sh'
libdir='${exec_prefix}/lib'
libexecdir='${exec_prefix}/libexec'
localstatedir='${prefix}/var'
mandir='${prefix}/man'
mkdir_p='mkdir -p --'
oldincludedir='/usr/include'
prefix='/usr/local'
program_transform_name='s,x,x,'
sbindir='${exec_prefix}/sbin'
sharedstatedir='${prefix}/com'
sysconfdir='${prefix}/etc'
target_alias=''

## ----------- ##
## confdefs.h. ##
## ----------- ##

#define HAVE_LIBBLAS 1
#define HAVE_LIBLAPACK 1
#define PACKAGE "fbmns3d"
#define PACKAGE_BUGREPORT "ismail@ujf-grenoble.fr"
#define PACKAGE_NAME "fbmns3d"
#define PACKAGE_STRING "fbmns3d 0.9"
#define PACKAGE_TARNAME "fbmns3d"
#define PACKAGE_VERSION "0.9"
#define VERSION "0.9"

configure: exit 0
